[2023-04-0809:32:34] [ INFO ] [OdontologoService:64] Creando lista de odontologos
[2023-04-0809:32:34] [ INFO ] [OdontologoService:70] Lista de odontologos creada
[2023-04-0809:32:43] [ INFO ] [OdontologoService:64] Creando lista de odontologos
[2023-04-0809:32:43] [ INFO ] [OdontologoService:70] Lista de odontologos creada
[2023-04-0809:32:56] [ INFO ] [OdontologoService:64] Creando lista de odontologos
[2023-04-0809:32:56] [ INFO ] [OdontologoService:70] Lista de odontologos creada
[2023-04-0809:32:57] [ INFO ] [OdontologoService:64] Creando lista de odontologos
[2023-04-0809:32:57] [ INFO ] [OdontologoService:70] Lista de odontologos creada
[2023-04-0809:32:57] [ INFO ] [OdontologoService:64] Creando lista de odontologos
[2023-04-0809:32:57] [ INFO ] [OdontologoService:70] Lista de odontologos creada
[2023-04-0809:32:58] [ INFO ] [OdontologoService:64] Creando lista de odontologos
[2023-04-0809:32:58] [ INFO ] [OdontologoService:70] Lista de odontologos creada
[2023-04-0809:32:59] [ INFO ] [OdontologoService:64] Creando lista de odontologos
[2023-04-0809:32:59] [ INFO ] [OdontologoService:70] Lista de odontologos creada
[2023-04-0809:32:59] [ INFO ] [OdontologoService:64] Creando lista de odontologos
[2023-04-0809:32:59] [ INFO ] [OdontologoService:70] Lista de odontologos creada
[2023-04-0809:33:00] [ INFO ] [OdontologoService:64] Creando lista de odontologos
[2023-04-0809:33:00] [ INFO ] [OdontologoService:70] Lista de odontologos creada
[2023-04-0809:33:01] [ INFO ] [OdontologoService:64] Creando lista de odontologos
[2023-04-0809:33:01] [ INFO ] [OdontologoService:70] Lista de odontologos creada
[2023-04-0809:42:10] [ INFO ] [PacienteService:65] Listando los pacientes
[2023-04-0809:42:10] [ INFO ] [PacienteService:71] Lista de pacientes creados
[2023-04-0809:42:44] [ INFO ] [PacienteService:30] Creando Paciente
[2023-04-0809:42:44] [ INFO ] [PacienteService:33] Paciente creado
[2023-04-0809:42:44] [ INFO ] [DomicilioService:31] Creando domicilio
[2023-04-0809:42:50] [ INFO ] [PacienteService:65] Listando los pacientes
[2023-04-0809:42:50] [ INFO ] [PacienteService:71] Lista de pacientes creados
[2023-04-0809:42:51] [ INFO ] [PacienteService:65] Listando los pacientes
[2023-04-0809:42:51] [ INFO ] [PacienteService:71] Lista de pacientes creados
[2023-04-0809:42:52] [ INFO ] [PacienteService:65] Listando los pacientes
[2023-04-0809:42:52] [ INFO ] [PacienteService:71] Lista de pacientes creados
[2023-04-0809:42:53] [ INFO ] [PacienteService:65] Listando los pacientes
[2023-04-0809:42:53] [ INFO ] [PacienteService:71] Lista de pacientes creados
[2023-04-0809:42:53] [ INFO ] [PacienteService:65] Listando los pacientes
[2023-04-0809:42:53] [ INFO ] [PacienteService:71] Lista de pacientes creados
[2023-04-0809:42:54] [ INFO ] [PacienteService:65] Listando los pacientes
[2023-04-0809:42:54] [ INFO ] [PacienteService:71] Lista de pacientes creados
[2023-04-0809:42:54] [ INFO ] [PacienteService:65] Listando los pacientes
[2023-04-0809:42:54] [ INFO ] [PacienteService:71] Lista de pacientes creados
[2023-04-0809:42:55] [ INFO ] [PacienteService:65] Listando los pacientes
[2023-04-0809:42:55] [ INFO ] [PacienteService:71] Lista de pacientes creados
[2023-04-0809:42:55] [ INFO ] [PacienteService:65] Listando los pacientes
[2023-04-0809:42:55] [ INFO ] [PacienteService:71] Lista de pacientes creados
[2023-04-0809:42:55] [ INFO ] [PacienteService:65] Listando los pacientes
[2023-04-0809:42:55] [ INFO ] [PacienteService:71] Lista de pacientes creados
[2023-04-0809:42:56] [ INFO ] [PacienteService:65] Listando los pacientes
[2023-04-0809:42:56] [ INFO ] [PacienteService:71] Lista de pacientes creados
[2023-04-0809:42:56] [ INFO ] [PacienteService:65] Listando los pacientes
[2023-04-0809:42:56] [ INFO ] [PacienteService:71] Lista de pacientes creados
[2023-04-0809:42:56] [ INFO ] [PacienteService:65] Listando los pacientes
[2023-04-0809:42:56] [ INFO ] [PacienteService:71] Lista de pacientes creados
[2023-04-0809:42:57] [ INFO ] [PacienteService:65] Listando los pacientes
[2023-04-0809:42:57] [ INFO ] [PacienteService:71] Lista de pacientes creados
[2023-04-0809:42:57] [ INFO ] [PacienteService:65] Listando los pacientes
[2023-04-0809:42:57] [ INFO ] [PacienteService:71] Lista de pacientes creados
[2023-04-0809:42:57] [ INFO ] [PacienteService:65] Listando los pacientes
[2023-04-0809:42:57] [ INFO ] [PacienteService:71] Lista de pacientes creados
[2023-04-0809:44:06] [ INFO ] [OdontologoService:64] Creando lista de odontologos
[2023-04-0809:44:06] [ INFO ] [OdontologoService:70] Lista de odontologos creada
[2023-04-0809:44:08] [ INFO ] [OdontologoService:64] Creando lista de odontologos
[2023-04-0809:44:08] [ INFO ] [OdontologoService:70] Lista de odontologos creada
[2023-04-0809:45:54] [ INFO ] [OdontologoService:30] Creando Odontologo
[2023-04-0809:45:54] [ INFO ] [OdontologoService:33] Odontologo creado
[2023-04-0809:45:58] [ INFO ] [OdontologoService:64] Creando lista de odontologos
[2023-04-0809:45:58] [ INFO ] [OdontologoService:70] Lista de odontologos creada
[2023-04-0809:46:00] [ INFO ] [OdontologoService:64] Creando lista de odontologos
[2023-04-0809:46:00] [ INFO ] [OdontologoService:70] Lista de odontologos creada
[2023-04-0809:46:01] [ INFO ] [OdontologoService:64] Creando lista de odontologos
[2023-04-0809:46:01] [ INFO ] [OdontologoService:70] Lista de odontologos creada
[2023-04-0809:46:01] [ INFO ] [OdontologoService:64] Creando lista de odontologos
[2023-04-0809:46:01] [ INFO ] [OdontologoService:70] Lista de odontologos creada
[2023-04-0809:46:02] [ INFO ] [OdontologoService:64] Creando lista de odontologos
[2023-04-0809:46:02] [ INFO ] [OdontologoService:70] Lista de odontologos creada
[2023-04-0809:46:03] [ INFO ] [OdontologoService:64] Creando lista de odontologos
[2023-04-0809:46:03] [ INFO ] [OdontologoService:70] Lista de odontologos creada
[2023-04-0809:48:44] [ INFO ] [OdontologoService:64] Creando lista de odontologos
[2023-04-0809:48:44] [ INFO ] [OdontologoService:70] Lista de odontologos creada
[2023-04-0809:48:53] [ INFO ] [OdontologoService:64] Creando lista de odontologos
[2023-04-0809:48:53] [ INFO ] [OdontologoService:70] Lista de odontologos creada
[2023-04-0809:49:33] [ INFO ] [OdontologoService:38] Buscando odontologo con id: 7
[2023-04-0809:49:50] [ INFO ] [OdontologoService:38] Buscando odontologo con id: 6
[2023-04-0809:50:37] [ INFO ] [OdontologoService:64] Creando lista de odontologos
[2023-04-0809:50:37] [ INFO ] [OdontologoService:70] Lista de odontologos creada
[2023-04-0809:50:57] [ INFO ] [OdontologoService:64] Creando lista de odontologos
[2023-04-0809:50:57] [ INFO ] [OdontologoService:70] Lista de odontologos creada
[2023-04-0809:51:04] [ INFO ] [OdontologoService:64] Creando lista de odontologos
[2023-04-0809:51:04] [ INFO ] [OdontologoService:70] Lista de odontologos creada
[2023-04-0809:51:10] [ INFO ] [OdontologoService:64] Creando lista de odontologos
[2023-04-0809:51:10] [ INFO ] [OdontologoService:70] Lista de odontologos creada
[2023-04-0809:51:20] [ INFO ] [OdontologoService:64] Creando lista de odontologos
[2023-04-0809:51:20] [ INFO ] [OdontologoService:70] Lista de odontologos creada
[2023-04-0809:51:32] [ INFO ] [OdontologoService:64] Creando lista de odontologos
[2023-04-0809:51:32] [ INFO ] [OdontologoService:70] Lista de odontologos creada
[2023-04-0809:51:34] [ INFO ] [OdontologoService:38] Buscando odontologo con id: 9
[2023-04-0809:51:44] [ INFO ] [OdontologoService:38] Buscando odontologo con id: 8
[2023-04-0809:51:51] [ INFO ] [OdontologoService:64] Creando lista de odontologos
[2023-04-0809:51:51] [ INFO ] [OdontologoService:70] Lista de odontologos creada
[2023-04-0809:52:07] [ INFO ] [OdontologoService:30] Creando Odontologo
[2023-04-0809:52:07] [ INFO ] [OdontologoService:33] Odontologo creado
[2023-04-0809:52:15] [ INFO ] [OdontologoService:64] Creando lista de odontologos
[2023-04-0809:52:15] [ INFO ] [OdontologoService:70] Lista de odontologos creada
[2023-04-0809:52:27] [ INFO ] [OdontologoService:64] Creando lista de odontologos
[2023-04-0809:52:27] [ INFO ] [OdontologoService:70] Lista de odontologos creada
[2023-04-0809:52:33] [ INFO ] [OdontologoService:64] Creando lista de odontologos
[2023-04-0809:52:33] [ INFO ] [OdontologoService:70] Lista de odontologos creada
[2023-04-0809:52:43] [ INFO ] [OdontologoService:64] Creando lista de odontologos
[2023-04-0809:52:43] [ INFO ] [OdontologoService:70] Lista de odontologos creada
[2023-04-0809:52:46] [ INFO ] [OdontologoService:64] Creando lista de odontologos
[2023-04-0809:52:46] [ INFO ] [OdontologoService:70] Lista de odontologos creada
[2023-04-0809:52:47] [ INFO ] [OdontologoService:64] Creando lista de odontologos
[2023-04-0809:52:47] [ INFO ] [OdontologoService:70] Lista de odontologos creada
[2023-04-0809:52:47] [ INFO ] [OdontologoService:64] Creando lista de odontologos
[2023-04-0809:52:47] [ INFO ] [OdontologoService:70] Lista de odontologos creada
[2023-04-0809:52:48] [ INFO ] [OdontologoService:64] Creando lista de odontologos
[2023-04-0809:52:48] [ INFO ] [OdontologoService:70] Lista de odontologos creada
[2023-04-0809:52:52] [ INFO ] [OdontologoService:64] Creando lista de odontologos
[2023-04-0809:52:52] [ INFO ] [OdontologoService:70] Lista de odontologos creada
[2023-04-0809:52:54] [ INFO ] [OdontologoService:38] Buscando odontologo con id: 8
[2023-04-0809:56:05] [ INFO ] [OdontologoService:64] Creando lista de odontologos
[2023-04-0809:56:06] [ INFO ] [OdontologoService:70] Lista de odontologos creada
[2023-04-0809:56:07] [ INFO ] [OdontologoService:64] Creando lista de odontologos
[2023-04-0809:56:07] [ INFO ] [OdontologoService:70] Lista de odontologos creada
[2023-04-0809:56:08] [ INFO ] [OdontologoService:64] Creando lista de odontologos
[2023-04-0809:56:08] [ INFO ] [OdontologoService:70] Lista de odontologos creada
[2023-04-0809:56:10] [ INFO ] [OdontologoService:64] Creando lista de odontologos
[2023-04-0809:56:10] [ INFO ] [OdontologoService:70] Lista de odontologos creada
[2023-04-0809:56:10] [ INFO ] [OdontologoService:64] Creando lista de odontologos
[2023-04-0809:56:10] [ INFO ] [OdontologoService:70] Lista de odontologos creada
[2023-04-0809:56:56] [ INFO ] [OdontologoService:38] Buscando odontologo con id: 8
[2023-04-0809:56:58] [ INFO ] [OdontologoService:38] Buscando odontologo con id: 8
[2023-04-0809:56:59] [ INFO ] [OdontologoService:64] Creando lista de odontologos
[2023-04-0809:56:59] [ INFO ] [OdontologoService:70] Lista de odontologos creada
[2023-04-0809:57:00] [ INFO ] [OdontologoService:64] Creando lista de odontologos
[2023-04-0809:57:00] [ INFO ] [OdontologoService:70] Lista de odontologos creada
[2023-04-0809:57:01] [ INFO ] [OdontologoService:64] Creando lista de odontologos
[2023-04-0809:57:01] [ INFO ] [OdontologoService:70] Lista de odontologos creada
[2023-04-0809:57:12] [ INFO ] [PacienteService:65] Listando los pacientes
[2023-04-0809:57:12] [ INFO ] [PacienteService:71] Lista de pacientes creados
[2023-04-0809:57:14] [ INFO ] [PacienteService:65] Listando los pacientes
[2023-04-0809:57:14] [ INFO ] [PacienteService:71] Lista de pacientes creados
[2023-04-0809:57:43] [ INFO ] [PacienteService:30] Creando Paciente
[2023-04-0809:57:44] [ INFO ] [PacienteService:33] Paciente creado
[2023-04-0809:57:44] [ INFO ] [DomicilioService:31] Creando domicilio
[2023-04-0809:57:45] [ INFO ] [PacienteService:65] Listando los pacientes
[2023-04-0809:57:45] [ INFO ] [PacienteService:71] Lista de pacientes creados
[2023-04-0809:57:47] [ INFO ] [PacienteService:65] Listando los pacientes
[2023-04-0809:57:47] [ INFO ] [PacienteService:71] Lista de pacientes creados
[2023-04-0810:11:58] [ INFO ] [OdontologoService:64] Creando lista de odontologos
[2023-04-0810:11:58] [ INFO ] [OdontologoService:70] Lista de odontologos creada
[2023-04-0810:12:01] [ INFO ] [OdontologoService:64] Creando lista de odontologos
[2023-04-0810:12:01] [ INFO ] [OdontologoService:70] Lista de odontologos creada
[2023-04-0810:12:03] [ INFO ] [OdontologoService:64] Creando lista de odontologos
[2023-04-0810:12:03] [ INFO ] [OdontologoService:70] Lista de odontologos creada
[2023-04-0810:12:04] [ INFO ] [OdontologoService:64] Creando lista de odontologos
[2023-04-0810:12:04] [ INFO ] [OdontologoService:70] Lista de odontologos creada
[2023-04-0810:12:05] [ INFO ] [OdontologoService:64] Creando lista de odontologos
[2023-04-0810:12:05] [ INFO ] [OdontologoService:70] Lista de odontologos creada
[2023-04-0810:12:07] [ INFO ] [OdontologoService:64] Creando lista de odontologos
[2023-04-0810:12:07] [ INFO ] [OdontologoService:70] Lista de odontologos creada
[2023-04-0810:12:07] [ INFO ] [OdontologoService:64] Creando lista de odontologos
[2023-04-0810:12:07] [ INFO ] [OdontologoService:70] Lista de odontologos creada
[2023-04-0810:12:08] [ INFO ] [OdontologoService:64] Creando lista de odontologos
[2023-04-0810:12:08] [ INFO ] [OdontologoService:70] Lista de odontologos creada
[2023-04-0810:12:09] [ INFO ] [OdontologoService:64] Creando lista de odontologos
[2023-04-0810:12:09] [ INFO ] [OdontologoService:70] Lista de odontologos creada
[2023-04-0810:12:10] [ INFO ] [OdontologoService:64] Creando lista de odontologos
[2023-04-0810:12:10] [ INFO ] [OdontologoService:70] Lista de odontologos creada
[2023-04-0810:12:11] [ INFO ] [OdontologoService:64] Creando lista de odontologos
[2023-04-0810:12:11] [ INFO ] [OdontologoService:70] Lista de odontologos creada
[2023-04-0810:12:11] [ INFO ] [OdontologoService:64] Creando lista de odontologos
[2023-04-0810:12:11] [ INFO ] [OdontologoService:70] Lista de odontologos creada
[2023-04-0810:13:20] [ INFO ] [PacienteService:65] Listando los pacientes
[2023-04-0810:13:20] [ INFO ] [PacienteService:71] Lista de pacientes creados
[2023-04-0810:13:57] [ INFO ] [PacienteService:30] Creando Paciente
[2023-04-0810:13:57] [ INFO ] [PacienteService:33] Paciente creado
[2023-04-0810:13:57] [ INFO ] [DomicilioService:31] Creando domicilio
[2023-04-0810:14:00] [ INFO ] [PacienteService:65] Listando los pacientes
[2023-04-0810:14:00] [ INFO ] [PacienteService:71] Lista de pacientes creados
[2023-04-0810:20:11] [ INFO ] [PacienteService:30] Creando Paciente
[2023-04-0810:20:12] [ INFO ] [PacienteService:33] Paciente creado
[2023-04-0810:20:12] [ INFO ] [DomicilioService:31] Creando domicilio
[2023-04-0810:22:42] [ INFO ] [PacienteService:30] Creando Paciente
[2023-04-0810:22:42] [ INFO ] [PacienteService:33] Paciente creado
[2023-04-0810:22:42] [ INFO ] [DomicilioService:31] Creando domicilio
[2023-04-0810:22:43] [ INFO ] [PacienteService:30] Creando Paciente
[2023-04-0810:22:43] [ INFO ] [PacienteService:33] Paciente creado
[2023-04-0810:22:43] [ INFO ] [DomicilioService:31] Creando domicilio
[2023-04-0810:22:48] [ INFO ] [PacienteService:30] Creando Paciente
[2023-04-0810:22:48] [ INFO ] [PacienteService:33] Paciente creado
[2023-04-0810:22:48] [ INFO ] [DomicilioService:31] Creando domicilio
[2023-04-0810:26:03] [ INFO ] [PacienteService:30] Creando Paciente
[2023-04-0810:26:03] [ INFO ] [PacienteService:33] Paciente creado
[2023-04-0810:26:03] [ INFO ] [DomicilioService:31] Creando domicilio
[2023-04-0810:26:03] [ INFO ] [DomicilioService:34] Domicilio creado
[2023-04-0810:26:14] [ INFO ] [PacienteService:65] Listando los pacientes
[2023-04-0810:26:14] [ INFO ] [PacienteService:71] Lista de pacientes creados
[2023-04-0810:26:16] [ INFO ] [PacienteService:65] Listando los pacientes
[2023-04-0810:26:16] [ INFO ] [PacienteService:71] Lista de pacientes creados
[2023-04-0810:26:17] [ INFO ] [PacienteService:65] Listando los pacientes
[2023-04-0810:26:17] [ INFO ] [PacienteService:71] Lista de pacientes creados
[2023-04-0810:26:17] [ INFO ] [PacienteService:65] Listando los pacientes
[2023-04-0810:26:17] [ INFO ] [PacienteService:71] Lista de pacientes creados
[2023-04-0810:26:17] [ INFO ] [PacienteService:65] Listando los pacientes
[2023-04-0810:26:17] [ INFO ] [PacienteService:71] Lista de pacientes creados
[2023-04-0810:26:18] [ INFO ] [PacienteService:65] Listando los pacientes
[2023-04-0810:26:18] [ INFO ] [PacienteService:71] Lista de pacientes creados
[2023-04-0810:26:18] [ INFO ] [PacienteService:65] Listando los pacientes
[2023-04-0810:26:18] [ INFO ] [PacienteService:71] Lista de pacientes creados
[2023-04-0810:26:18] [ INFO ] [PacienteService:65] Listando los pacientes
[2023-04-0810:26:18] [ INFO ] [PacienteService:71] Lista de pacientes creados
[2023-04-0810:26:19] [ INFO ] [PacienteService:65] Listando los pacientes
[2023-04-0810:26:19] [ INFO ] [PacienteService:71] Lista de pacientes creados
[2023-04-0810:26:19] [ INFO ] [PacienteService:65] Listando los pacientes
[2023-04-0810:26:19] [ INFO ] [PacienteService:71] Lista de pacientes creados
[2023-04-0810:26:19] [ INFO ] [PacienteService:65] Listando los pacientes
[2023-04-0810:26:19] [ INFO ] [PacienteService:71] Lista de pacientes creados
[2023-04-0810:26:20] [ INFO ] [PacienteService:65] Listando los pacientes
[2023-04-0810:26:20] [ INFO ] [PacienteService:71] Lista de pacientes creados
[2023-04-0810:26:20] [ INFO ] [PacienteService:65] Listando los pacientes
[2023-04-0810:26:20] [ INFO ] [PacienteService:71] Lista de pacientes creados
[2023-04-0810:26:48] [ INFO ] [PacienteService:30] Creando Paciente
[2023-04-0810:26:48] [ INFO ] [PacienteService:33] Paciente creado
[2023-04-0810:26:48] [ INFO ] [DomicilioService:31] Creando domicilio
[2023-04-0810:26:48] [ INFO ] [DomicilioService:34] Domicilio creado
[2023-04-0810:27:01] [ INFO ] [PacienteService:65] Listando los pacientes
[2023-04-0810:27:01] [ INFO ] [PacienteService:71] Lista de pacientes creados
[2023-04-0810:27:02] [ INFO ] [PacienteService:65] Listando los pacientes
[2023-04-0810:27:02] [ INFO ] [PacienteService:71] Lista de pacientes creados
[2023-04-0810:27:02] [ INFO ] [PacienteService:65] Listando los pacientes
[2023-04-0810:27:02] [ INFO ] [PacienteService:71] Lista de pacientes creados
[2023-04-0810:27:03] [ INFO ] [PacienteService:65] Listando los pacientes
[2023-04-0810:27:03] [ INFO ] [PacienteService:71] Lista de pacientes creados
[2023-04-0810:27:03] [ INFO ] [PacienteService:65] Listando los pacientes
[2023-04-0810:27:03] [ INFO ] [PacienteService:71] Lista de pacientes creados
[2023-04-0810:27:04] [ INFO ] [PacienteService:65] Listando los pacientes
[2023-04-0810:27:04] [ INFO ] [PacienteService:71] Lista de pacientes creados
[2023-04-0810:27:04] [ INFO ] [PacienteService:65] Listando los pacientes
[2023-04-0810:27:04] [ INFO ] [PacienteService:71] Lista de pacientes creados
[2023-04-0810:27:31] [ INFO ] [PacienteService:38] Buscando paciente con id: 1
[2023-04-0810:27:33] [ INFO ] [PacienteService:38] Buscando paciente con id: 3
[2023-04-0810:27:38] [ INFO ] [PacienteService:38] Buscando paciente con id: 4
[2023-04-0810:27:41] [ INFO ] [PacienteService:38] Buscando paciente con id: 5
[2023-04-0810:27:44] [ INFO ] [PacienteService:38] Buscando paciente con id: 6
[2023-04-0810:27:47] [ INFO ] [PacienteService:38] Buscando paciente con id: 7
[2023-04-0810:27:50] [ INFO ] [PacienteService:38] Buscando paciente con id: 8
[2023-04-0810:27:52] [ INFO ] [PacienteService:38] Buscando paciente con id: 9
[2023-04-0810:27:55] [ INFO ] [PacienteService:38] Buscando paciente con id: 10
[2023-04-0810:27:57] [ INFO ] [PacienteService:38] Buscando paciente con id: 10
[2023-04-0810:28:00] [ INFO ] [PacienteService:38] Buscando paciente con id: 11
[2023-04-0810:28:06] [ INFO ] [PacienteService:38] Buscando paciente con id: 12
[2023-04-0810:28:09] [ INFO ] [PacienteService:38] Buscando paciente con id: 13
[2023-04-0810:28:29] [ INFO ] [PacienteService:30] Creando Paciente
[2023-04-0810:28:29] [ INFO ] [PacienteService:33] Paciente creado
[2023-04-0810:28:29] [ INFO ] [DomicilioService:31] Creando domicilio
[2023-04-0810:28:29] [ INFO ] [DomicilioService:34] Domicilio creado
[2023-04-0810:28:30] [ INFO ] [PacienteService:65] Listando los pacientes
[2023-04-0810:28:30] [ INFO ] [PacienteService:71] Lista de pacientes creados
[2023-04-0810:28:34] [ INFO ] [PacienteService:38] Buscando paciente con id: 13
[2023-04-0810:32:36] [ INFO ] [PacienteService:65] Listando los pacientes
[2023-04-0810:32:36] [ INFO ] [PacienteService:71] Lista de pacientes creados
[2023-04-0810:32:38] [ INFO ] [PacienteService:65] Listando los pacientes
[2023-04-0810:32:38] [ INFO ] [PacienteService:71] Lista de pacientes creados
[2023-04-0810:32:41] [ INFO ] [PacienteService:65] Listando los pacientes
[2023-04-0810:32:41] [ INFO ] [PacienteService:71] Lista de pacientes creados
[2023-04-0810:37:09] [ INFO ] [PacienteService:65] Listando los pacientes
[2023-04-0810:37:10] [ INFO ] [PacienteService:71] Lista de pacientes creados
[2023-04-0810:37:11] [ INFO ] [PacienteService:65] Listando los pacientes
[2023-04-0810:37:11] [ INFO ] [PacienteService:71] Lista de pacientes creados
[2023-04-0810:37:12] [ INFO ] [PacienteService:65] Listando los pacientes
[2023-04-0810:37:12] [ INFO ] [PacienteService:71] Lista de pacientes creados
[2023-04-0810:37:13] [ INFO ] [PacienteService:65] Listando los pacientes
[2023-04-0810:37:13] [ INFO ] [PacienteService:71] Lista de pacientes creados
[2023-04-0810:37:13] [ INFO ] [PacienteService:65] Listando los pacientes
[2023-04-0810:37:13] [ INFO ] [PacienteService:71] Lista de pacientes creados
[2023-04-0810:37:14] [ INFO ] [PacienteService:65] Listando los pacientes
[2023-04-0810:37:14] [ INFO ] [PacienteService:71] Lista de pacientes creados
[2023-04-0810:37:15] [ INFO ] [PacienteService:65] Listando los pacientes
[2023-04-0810:37:15] [ INFO ] [PacienteService:71] Lista de pacientes creados
[2023-04-0810:42:16] [ INFO ] [PacienteService:62] Listando los pacientes
[2023-04-0810:42:16] [ INFO ] [PacienteService:68] Lista de pacientes creados
[2023-04-0810:50:54] [ INFO ] [PacienteService:27] Creando Paciente
[2023-04-0810:50:54] [ INFO ] [PacienteService:30] Paciente creado
[2023-04-0810:50:54] [ INFO ] [DomicilioService:31] Creando domicilio
[2023-04-0810:50:54] [ INFO ] [DomicilioService:34] Domicilio creado
[2023-04-0810:50:55] [ INFO ] [PacienteService:62] Listando los pacientes
[2023-04-0810:50:56] [ INFO ] [PacienteService:62] Listando los pacientes
[2023-04-0810:50:57] [ INFO ] [PacienteService:62] Listando los pacientes
[2023-04-0810:50:58] [ INFO ] [PacienteService:62] Listando los pacientes
[2023-04-0810:50:58] [ INFO ] [PacienteService:62] Listando los pacientes
[2023-04-0810:50:59] [ INFO ] [PacienteService:62] Listando los pacientes
[2023-04-0810:50:59] [ INFO ] [PacienteService:62] Listando los pacientes
[2023-04-0810:50:59] [ INFO ] [PacienteService:62] Listando los pacientes
[2023-04-0810:51:00] [ INFO ] [PacienteService:62] Listando los pacientes
[2023-04-0810:51:00] [ INFO ] [PacienteService:62] Listando los pacientes
[2023-04-0810:51:00] [ INFO ] [PacienteService:62] Listando los pacientes
[2023-04-0810:51:01] [ INFO ] [PacienteService:62] Listando los pacientes
[2023-04-0810:51:01] [ INFO ] [PacienteService:62] Listando los pacientes
[2023-04-0810:51:01] [ INFO ] [PacienteService:62] Listando los pacientes
[2023-04-0810:51:02] [ INFO ] [PacienteService:62] Listando los pacientes
[2023-04-0810:51:02] [ INFO ] [PacienteService:62] Listando los pacientes
[2023-04-0810:51:04] [ INFO ] [PacienteService:62] Listando los pacientes
[2023-04-0810:51:04] [ INFO ] [PacienteService:62] Listando los pacientes
[2023-04-0810:56:27] [ INFO ] [PacienteService:62] Listando los pacientes
[2023-04-0810:56:28] [ INFO ] [PacienteService:62] Listando los pacientes
[2023-04-0810:56:29] [ INFO ] [PacienteService:62] Listando los pacientes
[2023-04-0810:56:29] [ INFO ] [PacienteService:62] Listando los pacientes
[2023-04-0810:56:29] [ INFO ] [PacienteService:62] Listando los pacientes
[2023-04-0810:56:30] [ INFO ] [PacienteService:62] Listando los pacientes
[2023-04-0810:56:30] [ INFO ] [PacienteService:62] Listando los pacientes
[2023-04-0810:56:30] [ INFO ] [PacienteService:62] Listando los pacientes
[2023-04-0810:56:31] [ INFO ] [PacienteService:62] Listando los pacientes
[2023-04-0810:56:31] [ INFO ] [PacienteService:62] Listando los pacientes
[2023-04-0810:56:31] [ INFO ] [PacienteService:62] Listando los pacientes
[2023-04-0810:56:32] [ INFO ] [PacienteService:62] Listando los pacientes
[2023-04-0810:56:34] [ INFO ] [PacienteService:62] Listando los pacientes
[2023-04-0810:56:34] [ INFO ] [PacienteService:62] Listando los pacientes
[2023-04-0810:56:58] [ INFO ] [PacienteService:27] Creando Paciente
[2023-04-0810:56:58] [ INFO ] [PacienteService:30] Paciente creado
[2023-04-0810:56:58] [ INFO ] [DomicilioService:31] Creando domicilio
[2023-04-0810:56:58] [ INFO ] [DomicilioService:34] Domicilio creado
[2023-04-0810:57:00] [ INFO ] [PacienteService:62] Listando los pacientes
[2023-04-0810:57:01] [ INFO ] [PacienteService:62] Listando los pacientes
[2023-04-0810:57:01] [ INFO ] [PacienteService:62] Listando los pacientes
[2023-04-0810:57:01] [ INFO ] [PacienteService:62] Listando los pacientes
[2023-04-0810:57:02] [ INFO ] [PacienteService:62] Listando los pacientes
[2023-04-0810:57:02] [ INFO ] [PacienteService:62] Listando los pacientes
[2023-04-0810:58:16] [ INFO ] [PacienteService:62] Listando los pacientes
[2023-04-0810:58:17] [ INFO ] [PacienteService:68] Lista de pacientes creados
[2023-04-0810:58:17] [ INFO ] [PacienteService:62] Listando los pacientes
[2023-04-0810:58:17] [ INFO ] [PacienteService:68] Lista de pacientes creados
[2023-04-0810:58:19] [ INFO ] [PacienteService:62] Listando los pacientes
[2023-04-0810:58:19] [ INFO ] [PacienteService:68] Lista de pacientes creados
[2023-04-0811:02:23] [ INFO ] [OdontologoService:27] Creando Odontologo
[2023-04-0811:02:23] [ INFO ] [OdontologoService:30] Odontologo creado
[2023-04-0811:02:23] [ INFO ] [OdontologoService:35] Buscando odontologo con id: 3
[2023-04-0811:03:29] [ INFO ] [OdontologoService:27] Creando Odontologo
[2023-04-0811:03:29] [ INFO ] [OdontologoService:30] Odontologo creado
[2023-04-0811:03:29] [ INFO ] [OdontologoService:35] Buscando odontologo con id: 3
[2023-04-0811:07:43] [ INFO ] [OdontologoService:27] Creando Odontologo
[2023-04-0811:07:43] [ INFO ] [OdontologoService:30] Odontologo creado
[2023-04-0811:08:09] [ INFO ] [PacienteService:27] Creando Paciente
[2023-04-0811:08:09] [ INFO ] [PacienteService:30] Paciente creado
[2023-04-0811:08:09] [ INFO ] [PacienteService:35] Buscando paciente con id: 1
[2023-04-0811:08:09] [ INFO ] [DomicilioService:31] Creando domicilio
[2023-04-0811:08:09] [ INFO ] [DomicilioService:34] Domicilio creado
[2023-04-0811:08:09] [ INFO ] [DomicilioService:39] Buscando domicilio con id: 2
[2023-04-0811:08:09] [ INFO ] [OdontologoService:27] Creando Odontologo
[2023-04-0811:08:09] [ INFO ] [OdontologoService:30] Odontologo creado
[2023-04-0811:08:09] [ INFO ] [TurnoService:31] Creando turno
[2023-04-0811:08:09] [ INFO ] [TurnoService:34] Turno creado
[2023-04-0811:08:09] [ INFO ] [TurnoService:39] Buscando turno con id: 1
[2023-04-0811:20:58] [ INFO ] [PacienteService:27] Creando Paciente
[2023-04-0811:20:58] [ INFO ] [PacienteService:30] Paciente creado
[2023-04-0811:20:58] [ INFO ] [PacienteService:35] Buscando paciente con id: 1
[2023-04-0811:20:58] [ INFO ] [DomicilioService:31] Creando domicilio
[2023-04-0811:20:58] [ INFO ] [DomicilioService:34] Domicilio creado
[2023-04-0811:20:58] [ INFO ] [DomicilioService:39] Buscando domicilio con id: 2
[2023-04-0811:20:58] [ INFO ] [OdontologoService:27] Creando Odontologo
[2023-04-0811:20:58] [ INFO ] [OdontologoService:30] Odontologo creado
[2023-04-0811:20:58] [ INFO ] [TurnoService:31] Creando turno
[2023-04-0811:20:58] [ INFO ] [TurnoService:34] Turno creado
[2023-04-0811:20:58] [ INFO ] [TurnoService:39] Buscando turno con id: 1
[2023-05-0421:24:30] [ INFO ] [OdontologoService:61] Creando lista de odontologos
[2023-05-0421:24:30] [ INFO ] [OdontologoService:67] Lista de odontologos creada
[2023-05-0421:24:34] [ INFO ] [OdontologoService:61] Creando lista de odontologos
[2023-05-0421:24:34] [ INFO ] [OdontologoService:67] Lista de odontologos creada
[2023-05-0421:24:35] [ INFO ] [PacienteService:62] Listando los pacientes
[2023-05-0421:24:35] [ INFO ] [PacienteService:68] Lista de pacientes creados
[2023-05-0421:24:39] [ INFO ] [PacienteService:62] Listando los pacientes
[2023-05-0421:24:39] [ INFO ] [PacienteService:68] Lista de pacientes creados
[2023-05-0421:24:43] [ INFO ] [PacienteService:62] Listando los pacientes
[2023-05-0421:24:43] [ INFO ] [PacienteService:68] Lista de pacientes creados
[2023-05-0421:24:44] [ INFO ] [OdontologoService:61] Creando lista de odontologos
[2023-05-0421:24:44] [ INFO ] [OdontologoService:67] Lista de odontologos creada
[2023-05-0421:24:52] [ INFO ] [OdontologoService:61] Creando lista de odontologos
[2023-05-0421:24:52] [ INFO ] [OdontologoService:67] Lista de odontologos creada
[2023-05-0421:25:35] [ INFO ] [PacienteService:62] Listando los pacientes
[2023-05-0421:25:35] [ INFO ] [PacienteService:68] Lista de pacientes creados
[2023-05-0421:25:43] [ INFO ] [PacienteService:62] Listando los pacientes
[2023-05-0421:25:43] [ INFO ] [PacienteService:68] Lista de pacientes creados
[2023-05-0421:25:44] [ INFO ] [PacienteService:62] Listando los pacientes
[2023-05-0421:25:44] [ INFO ] [PacienteService:68] Lista de pacientes creados
[2023-05-0421:25:44] [ INFO ] [PacienteService:62] Listando los pacientes
[2023-05-0421:25:44] [ INFO ] [PacienteService:68] Lista de pacientes creados
[2023-05-0421:25:45] [ INFO ] [PacienteService:62] Listando los pacientes
[2023-05-0421:25:45] [ INFO ] [PacienteService:68] Lista de pacientes creados
[2023-05-0421:25:45] [ INFO ] [PacienteService:62] Listando los pacientes
[2023-05-0421:25:45] [ INFO ] [PacienteService:68] Lista de pacientes creados
[2023-05-0421:25:46] [ INFO ] [PacienteService:62] Listando los pacientes
[2023-05-0421:25:46] [ INFO ] [PacienteService:68] Lista de pacientes creados
[2023-05-0421:25:46] [ INFO ] [PacienteService:62] Listando los pacientes
[2023-05-0421:25:46] [ INFO ] [PacienteService:68] Lista de pacientes creados
[2023-05-0421:30:49] [ INFO ] [PacienteService:35] Buscando paciente con id: 1
[2023-05-0421:31:27] [ INFO ] [OdontologoService:61] Creando lista de odontologos
[2023-05-0421:31:27] [ INFO ] [OdontologoService:67] Lista de odontologos creada
[2023-05-0421:32:13] [ INFO ] [OdontologoService:35] Buscando odontologo con id: 2
[2023-05-0421:32:18] [ INFO ] [OdontologoService:35] Buscando odontologo con id: 1
[2023-05-0421:32:40] [ INFO ] [PacienteService:62] Listando los pacientes
[2023-05-0421:32:40] [ INFO ] [PacienteService:68] Lista de pacientes creados
[2023-05-0421:32:42] [ INFO ] [OdontologoService:61] Creando lista de odontologos
[2023-05-0421:32:42] [ INFO ] [OdontologoService:67] Lista de odontologos creada
[2023-05-0421:32:46] [ INFO ] [OdontologoService:61] Creando lista de odontologos
[2023-05-0421:32:46] [ INFO ] [OdontologoService:67] Lista de odontologos creada
[2023-05-0421:35:40] [ INFO ] [OdontologoService:61] Creando lista de odontologos
[2023-05-0421:35:40] [ INFO ] [OdontologoService:67] Lista de odontologos creada
[2023-05-0421:35:42] [ INFO ] [PacienteService:62] Listando los pacientes
[2023-05-0421:35:42] [ INFO ] [PacienteService:68] Lista de pacientes creados
[2023-05-0421:35:44] [ INFO ] [PacienteService:62] Listando los pacientes
[2023-05-0421:35:44] [ INFO ] [PacienteService:68] Lista de pacientes creados
[2023-05-0421:35:45] [ INFO ] [PacienteService:62] Listando los pacientes
[2023-05-0421:35:45] [ INFO ] [PacienteService:68] Lista de pacientes creados
[2023-05-0515:40:17] [ INFO ] [OdontologoService:61] Creando lista de odontologos
[2023-05-0515:40:17] [ INFO ] [OdontologoService:67] Lista de odontologos creada
[2023-05-0516:31:14] [ INFO ] [OdontologoService:61] Creando lista de odontologos
[2023-05-0516:31:14] [ INFO ] [OdontologoService:67] Lista de odontologos creada
[2023-05-0516:31:25] [ INFO ] [OdontologoService:61] Creando lista de odontologos
[2023-05-0516:31:25] [ INFO ] [OdontologoService:67] Lista de odontologos creada
[2023-05-0516:31:28] [ INFO ] [OdontologoService:61] Creando lista de odontologos
[2023-05-0516:31:28] [ INFO ] [OdontologoService:67] Lista de odontologos creada
[2023-05-0516:31:31] [ INFO ] [OdontologoService:61] Creando lista de odontologos
[2023-05-0516:31:31] [ INFO ] [OdontologoService:67] Lista de odontologos creada
[2023-05-0516:31:32] [ INFO ] [OdontologoService:61] Creando lista de odontologos
[2023-05-0516:31:32] [ INFO ] [OdontologoService:67] Lista de odontologos creada
[2023-05-0516:31:33] [ INFO ] [OdontologoService:61] Creando lista de odontologos
[2023-05-0516:31:33] [ INFO ] [OdontologoService:67] Lista de odontologos creada
[2023-05-0516:31:33] [ INFO ] [OdontologoService:61] Creando lista de odontologos
[2023-05-0516:31:33] [ INFO ] [OdontologoService:67] Lista de odontologos creada
[2023-05-0516:31:34] [ INFO ] [OdontologoService:61] Creando lista de odontologos
[2023-05-0516:31:34] [ INFO ] [OdontologoService:67] Lista de odontologos creada
[2023-05-0516:31:34] [ INFO ] [OdontologoService:61] Creando lista de odontologos
[2023-05-0516:31:34] [ INFO ] [OdontologoService:67] Lista de odontologos creada
[2023-05-0516:31:35] [ INFO ] [OdontologoService:61] Creando lista de odontologos
[2023-05-0516:31:35] [ INFO ] [OdontologoService:67] Lista de odontologos creada
[2023-05-0516:31:36] [ INFO ] [OdontologoService:61] Creando lista de odontologos
[2023-05-0516:31:36] [ INFO ] [OdontologoService:67] Lista de odontologos creada
[2023-05-0516:31:37] [ INFO ] [OdontologoService:61] Creando lista de odontologos
[2023-05-0516:31:37] [ INFO ] [OdontologoService:67] Lista de odontologos creada
[2023-05-0516:31:37] [ INFO ] [OdontologoService:61] Creando lista de odontologos
[2023-05-0516:31:37] [ INFO ] [OdontologoService:67] Lista de odontologos creada
[2023-05-0516:33:39] [ INFO ] [OdontologoService:61] Creando lista de odontologos
[2023-05-0516:33:39] [ INFO ] [OdontologoService:67] Lista de odontologos creada
[2023-05-0516:33:39] [ INFO ] [OdontologoService:61] Creando lista de odontologos
[2023-05-0516:33:39] [ INFO ] [OdontologoService:67] Lista de odontologos creada
[2023-05-0516:35:26] [ INFO ] [OdontologoService:35] Buscando odontologo con id: 1
[2023-05-0516:35:33] [ INFO ] [OdontologoService:35] Buscando odontologo con id: 2
[2023-05-0516:35:36] [ INFO ] [OdontologoService:35] Buscando odontologo con id: 3
[2023-05-0516:35:46] [ INFO ] [OdontologoService:61] Creando lista de odontologos
[2023-05-0516:35:46] [ INFO ] [OdontologoService:67] Lista de odontologos creada
[2023-05-0516:36:26] [ INFO ] [OdontologoService:61] Creando lista de odontologos
[2023-05-0516:36:26] [ INFO ] [OdontologoService:67] Lista de odontologos creada
[2023-05-0516:36:27] [ INFO ] [OdontologoService:61] Creando lista de odontologos
[2023-05-0516:36:27] [ INFO ] [OdontologoService:67] Lista de odontologos creada
[2023-05-0516:36:28] [ INFO ] [OdontologoService:61] Creando lista de odontologos
[2023-05-0516:36:28] [ INFO ] [OdontologoService:67] Lista de odontologos creada
[2023-05-0516:36:29] [ INFO ] [OdontologoService:61] Creando lista de odontologos
[2023-05-0516:36:29] [ INFO ] [OdontologoService:67] Lista de odontologos creada
[2023-05-0516:36:39] [ INFO ] [OdontologoService:61] Creando lista de odontologos
[2023-05-0516:36:39] [ INFO ] [OdontologoService:67] Lista de odontologos creada
[2023-05-0516:36:40] [ INFO ] [OdontologoService:61] Creando lista de odontologos
[2023-05-0516:36:40] [ INFO ] [OdontologoService:67] Lista de odontologos creada
[2023-05-0516:36:40] [ INFO ] [OdontologoService:61] Creando lista de odontologos
[2023-05-0516:36:40] [ INFO ] [OdontologoService:67] Lista de odontologos creada
[2023-05-0516:36:41] [ INFO ] [OdontologoService:61] Creando lista de odontologos
[2023-05-0516:36:41] [ INFO ] [OdontologoService:67] Lista de odontologos creada
[2023-05-0516:36:41] [ INFO ] [OdontologoService:61] Creando lista de odontologos
[2023-05-0516:36:41] [ INFO ] [OdontologoService:67] Lista de odontologos creada
[2023-05-0516:45:31] [ INFO ] [OdontologoService:61] Creando lista de odontologos
[2023-05-0516:45:31] [ INFO ] [OdontologoService:67] Lista de odontologos creada
[2023-05-0516:45:32] [ INFO ] [OdontologoService:61] Creando lista de odontologos
[2023-05-0516:45:32] [ INFO ] [OdontologoService:67] Lista de odontologos creada
[2023-05-0516:45:33] [ INFO ] [OdontologoService:61] Creando lista de odontologos
[2023-05-0516:45:33] [ INFO ] [OdontologoService:67] Lista de odontologos creada
[2023-05-0516:55:00] [ INFO ] [OdontologoService:27] Creando Odontologo
[2023-05-0516:55:00] [ INFO ] [OdontologoService:30] Odontologo creado
[2023-05-0516:55:08] [ INFO ] [OdontologoService:61] Creando lista de odontologos
[2023-05-0516:55:08] [ INFO ] [OdontologoService:67] Lista de odontologos creada
[2023-05-0516:55:22] [ INFO ] [PacienteService:62] Listando los pacientes
[2023-05-0516:55:22] [ INFO ] [PacienteService:68] Lista de pacientes creados
[2023-05-0516:55:38] [ INFO ] [PacienteService:27] Creando Paciente
[2023-05-0516:55:38] [ INFO ] [PacienteService:30] Paciente creado
[2023-05-0516:55:38] [ INFO ] [DomicilioService:31] Creando domicilio
[2023-05-0516:55:38] [ INFO ] [DomicilioService:34] Domicilio creado
[2023-05-0516:55:40] [ INFO ] [PacienteService:62] Listando los pacientes
[2023-05-0516:55:40] [ INFO ] [PacienteService:68] Lista de pacientes creados
[2023-05-0516:56:20] [ INFO ] [OdontologoService:61] Creando lista de odontologos
[2023-05-0516:56:20] [ INFO ] [OdontologoService:67] Lista de odontologos creada
[2023-05-0523:24:59] [ INFO ] [OdontologoService:61] Creando lista de odontologos
[2023-05-0523:24:59] [ INFO ] [OdontologoService:67] Lista de odontologos creada
[2023-05-0523:25:00] [ INFO ] [PacienteService:62] Listando los pacientes
[2023-05-0523:25:00] [ INFO ] [PacienteService:68] Lista de pacientes creados
[2023-05-0523:25:04] [ INFO ] [OdontologoService:61] Creando lista de odontologos
[2023-05-0523:25:04] [ INFO ] [OdontologoService:67] Lista de odontologos creada
[2023-05-0523:38:07] [ INFO ] [PacienteService:27] Creando Paciente
[2023-05-0523:38:07] [ INFO ] [PacienteService:30] Paciente creado
[2023-05-1511:09:40] [ INFO ] [OdontologoService:61] Creando lista de odontologos
[2023-05-1511:09:40] [ INFO ] [OdontologoService:67] Lista de odontologos creada
[2023-05-1511:09:41] [ INFO ] [PacienteService:62] Listando los pacientes
[2023-05-1511:09:41] [ INFO ] [PacienteService:68] Lista de pacientes creados
[2023-05-1511:09:44] [ INFO ] [OdontologoService:61] Creando lista de odontologos
[2023-05-1511:09:44] [ INFO ] [OdontologoService:67] Lista de odontologos creada
[2023-05-1511:10:08] [ INFO ] [TurnoService:31] Creando turno
[2023-05-1511:18:57] [ INFO ] [TurnoService:64] Listando todos los turnos
[2023-05-1511:18:57] [ INFO ] [TurnoService:70] Lista de turnos creada
[2023-05-1511:19:09] [ INFO ] [TurnoService:31] Creando turno
[2023-05-1511:19:27] [ INFO ] [OdontologoService:61] Creando lista de odontologos
[2023-05-1511:19:27] [ INFO ] [OdontologoService:67] Lista de odontologos creada
[2023-05-1511:19:36] [ INFO ] [OdontologoService:27] Creando Odontologo
[2023-05-1511:19:36] [ INFO ] [OdontologoService:30] Odontologo creado
[2023-05-1511:19:37] [ INFO ] [OdontologoService:61] Creando lista de odontologos
[2023-05-1511:19:37] [ INFO ] [OdontologoService:67] Lista de odontologos creada
[2023-05-1511:19:43] [ INFO ] [PacienteService:62] Listando los pacientes
[2023-05-1511:19:43] [ INFO ] [PacienteService:68] Lista de pacientes creados
[2023-05-1511:20:14] [ INFO ] [PacienteService:27] Creando Paciente
[2023-05-1511:20:14] [ INFO ] [PacienteService:30] Paciente creado
[2023-05-1511:20:14] [ INFO ] [DomicilioService:31] Creando domicilio
[2023-05-1511:20:14] [ INFO ] [DomicilioService:34] Domicilio creado
[2023-05-1511:20:15] [ INFO ] [PacienteService:62] Listando los pacientes
[2023-05-1511:20:15] [ INFO ] [PacienteService:68] Lista de pacientes creados
[2023-05-1511:20:19] [ INFO ] [TurnoService:64] Listando todos los turnos
[2023-05-1511:20:19] [ INFO ] [TurnoService:70] Lista de turnos creada
[2023-05-1511:20:29] [ INFO ] [TurnoService:31] Creando turno
[2023-05-1511:20:29] [ INFO ] [TurnoService:34] Turno creado
[2023-05-1511:20:40] [ INFO ] [TurnoService:64] Listando todos los turnos
[2023-05-1511:20:41] [ INFO ] [TurnoService:64] Listando todos los turnos
[2023-05-1511:20:42] [ INFO ] [TurnoService:64] Listando todos los turnos
[2023-05-1511:20:48] [ INFO ] [TurnoService:31] Creando turno
[2023-05-1511:20:48] [ INFO ] [TurnoService:34] Turno creado
[2023-05-1511:20:57] [ INFO ] [TurnoService:64] Listando todos los turnos
[2023-05-1511:22:45] [ INFO ] [TurnoService:61] Listando todos los turnos
[2023-05-1511:22:45] [ INFO ] [TurnoService:67] Lista de turnos creada
[2023-05-1511:22:50] [ INFO ] [OdontologoService:61] Creando lista de odontologos
[2023-05-1511:22:50] [ INFO ] [OdontologoService:67] Lista de odontologos creada
[2023-05-1511:22:51] [ INFO ] [TurnoService:61] Listando todos los turnos
[2023-05-1511:22:51] [ INFO ] [TurnoService:67] Lista de turnos creada
[2023-05-1511:22:53] [ INFO ] [TurnoService:61] Listando todos los turnos
[2023-05-1511:22:53] [ INFO ] [TurnoService:67] Lista de turnos creada
[2023-05-1511:22:56] [ INFO ] [OdontologoService:61] Creando lista de odontologos
[2023-05-1511:22:56] [ INFO ] [OdontologoService:67] Lista de odontologos creada
[2023-05-1511:23:04] [ INFO ] [OdontologoService:27] Creando Odontologo
[2023-05-1511:23:04] [ INFO ] [OdontologoService:30] Odontologo creado
[2023-05-1511:23:06] [ INFO ] [OdontologoService:61] Creando lista de odontologos
[2023-05-1511:23:06] [ INFO ] [OdontologoService:67] Lista de odontologos creada
[2023-05-1511:23:24] [ INFO ] [OdontologoService:61] Creando lista de odontologos
[2023-05-1511:23:24] [ INFO ] [OdontologoService:67] Lista de odontologos creada
[2023-05-1511:23:26] [ INFO ] [OdontologoService:61] Creando lista de odontologos
[2023-05-1511:23:26] [ INFO ] [OdontologoService:67] Lista de odontologos creada
[2023-05-1511:23:30] [ INFO ] [OdontologoService:61] Creando lista de odontologos
[2023-05-1511:23:30] [ INFO ] [OdontologoService:67] Lista de odontologos creada
[2023-05-1511:23:31] [ INFO ] [PacienteService:62] Listando los pacientes
[2023-05-1511:23:31] [ INFO ] [PacienteService:68] Lista de pacientes creados
[2023-05-1511:23:56] [ INFO ] [PacienteService:27] Creando Paciente
[2023-05-1511:23:56] [ INFO ] [PacienteService:30] Paciente creado
[2023-05-1511:23:56] [ INFO ] [DomicilioService:31] Creando domicilio
[2023-05-1511:23:56] [ INFO ] [DomicilioService:34] Domicilio creado
[2023-05-1511:23:57] [ INFO ] [PacienteService:62] Listando los pacientes
[2023-05-1511:23:57] [ INFO ] [PacienteService:68] Lista de pacientes creados
[2023-05-1511:23:58] [ INFO ] [PacienteService:62] Listando los pacientes
[2023-05-1511:23:58] [ INFO ] [PacienteService:68] Lista de pacientes creados
[2023-05-1511:23:59] [ INFO ] [TurnoService:61] Listando todos los turnos
[2023-05-1511:23:59] [ INFO ] [TurnoService:67] Lista de turnos creada
[2023-05-1511:24:12] [ INFO ] [TurnoService:28] Creando turno
[2023-05-1511:24:12] [ INFO ] [TurnoService:31] Turno creado
[2023-05-1511:24:16] [ INFO ] [OdontologoService:61] Creando lista de odontologos
[2023-05-1511:24:16] [ INFO ] [OdontologoService:67] Lista de odontologos creada
[2023-05-1511:24:18] [ INFO ] [TurnoService:61] Listando todos los turnos
[2023-05-1511:33:03] [ INFO ] [OdontologoService:35] Buscando odontologo con id: 1
[2023-05-1511:33:10] [ INFO ] [OdontologoService:35] Buscando odontologo con id: 2
[2023-05-1511:33:22] [ INFO ] [PacienteService:35] Buscando paciente con id: 1
[2023-05-1511:33:27] [ INFO ] [PacienteService:35] Buscando paciente con id: 2
[2023-05-1511:33:30] [ INFO ] [PacienteService:35] Buscando paciente con id: 3
[2023-05-1511:41:53] [ INFO ] [OdontologoService:35] Buscando odontologo con id: 2
[2023-05-1511:41:56] [ INFO ] [OdontologoService:35] Buscando odontologo con id: 1
[2023-05-1511:50:28] [ INFO ] [TurnoService:28] Creando turno
[2023-05-1511:50:28] [ INFO ] [TurnoService:31] Turno creado
[2023-05-1511:50:42] [ INFO ] [TurnoService:36] Buscando turno con id: 1
[2023-05-1511:52:22] [ INFO ] [TurnoService:61] Listando todos los turnos
[2023-05-1511:52:22] [ INFO ] [TurnoService:67] Lista de turnos creada
[2023-05-1511:52:31] [ INFO ] [TurnoService:28] Creando turno
[2023-05-1511:52:43] [ INFO ] [OdontologoService:61] Creando lista de odontologos
[2023-05-1511:52:43] [ INFO ] [OdontologoService:67] Lista de odontologos creada
[2023-05-1511:52:47] [ INFO ] [OdontologoService:61] Creando lista de odontologos
[2023-05-1511:52:47] [ INFO ] [OdontologoService:67] Lista de odontologos creada
[2023-05-1511:52:48] [ INFO ] [OdontologoService:61] Creando lista de odontologos
[2023-05-1511:52:48] [ INFO ] [OdontologoService:67] Lista de odontologos creada
[2023-05-1514:32:09] [ INFO ] [TurnoService:61] Listando todos los turnos
[2023-05-1514:32:09] [ INFO ] [TurnoService:67] Lista de turnos creada
[2023-05-1514:32:42] [ INFO ] [OdontologoService:61] Creando lista de odontologos
[2023-05-1514:32:42] [ INFO ] [OdontologoService:67] Lista de odontologos creada
[2023-05-1514:32:56] [ INFO ] [OdontologoService:27] Creando Odontologo
[2023-05-1514:32:56] [ INFO ] [OdontologoService:30] Odontologo creado
[2023-05-1514:32:59] [ INFO ] [OdontologoService:61] Creando lista de odontologos
[2023-05-1514:32:59] [ INFO ] [OdontologoService:67] Lista de odontologos creada
[2023-05-1514:33:05] [ INFO ] [PacienteService:62] Listando los pacientes
[2023-05-1514:33:05] [ INFO ] [PacienteService:68] Lista de pacientes creados
[2023-05-1514:33:28] [ INFO ] [PacienteService:27] Creando Paciente
[2023-05-1514:33:28] [ INFO ] [PacienteService:30] Paciente creado
[2023-05-1514:33:28] [ INFO ] [DomicilioService:31] Creando domicilio
[2023-05-1514:33:28] [ INFO ] [DomicilioService:34] Domicilio creado
[2023-05-1514:33:33] [ INFO ] [PacienteService:62] Listando los pacientes
[2023-05-1514:33:33] [ INFO ] [PacienteService:68] Lista de pacientes creados
[2023-05-1514:33:36] [ INFO ] [PacienteService:62] Listando los pacientes
[2023-05-1514:33:36] [ INFO ] [PacienteService:68] Lista de pacientes creados
[2023-05-1514:34:03] [ INFO ] [PacienteService:35] Buscando paciente con id: 1
[2023-05-1514:34:10] [ INFO ] [TurnoService:61] Listando todos los turnos
[2023-05-1514:34:10] [ INFO ] [TurnoService:67] Lista de turnos creada
[2023-05-1514:34:12] [ INFO ] [TurnoService:61] Listando todos los turnos
[2023-05-1514:34:12] [ INFO ] [TurnoService:67] Lista de turnos creada
[2023-05-1514:34:15] [ INFO ] [TurnoService:61] Listando todos los turnos
[2023-05-1514:34:15] [ INFO ] [TurnoService:67] Lista de turnos creada
[2023-05-1514:34:28] [ INFO ] [TurnoService:28] Creando turno
[2023-05-1514:34:28] [ INFO ] [TurnoService:31] Turno creado
[2023-05-1514:34:32] [ INFO ] [TurnoService:61] Listando todos los turnos
[2023-05-1514:34:32] [ INFO ] [TurnoService:67] Lista de turnos creada
[2023-05-1514:34:41] [ INFO ] [TurnoService:36] Buscando turno con id: 1
[2023-05-1514:46:24] [ INFO ] [TurnoService:61] Listando todos los turnos
[2023-05-1514:46:24] [ INFO ] [TurnoService:67] Lista de turnos creada
[2023-05-1514:46:32] [ INFO ] [OdontologoService:61] Creando lista de odontologos
[2023-05-1514:46:32] [ INFO ] [OdontologoService:67] Lista de odontologos creada
[2023-05-1514:47:40] [ INFO ] [OdontologoService:61] Creando lista de odontologos
[2023-05-1514:47:40] [ INFO ] [OdontologoService:67] Lista de odontologos creada
[2023-05-1514:48:05] [ INFO ] [OdontologoService:35] Buscando odontologo con id: 1
[2023-05-1514:48:28] [ INFO ] [OdontologoService:61] Creando lista de odontologos
[2023-05-1514:48:28] [ INFO ] [OdontologoService:67] Lista de odontologos creada
[2023-05-1514:49:02] [ INFO ] [OdontologoService:27] Creando Odontologo
[2023-05-1514:49:02] [ INFO ] [OdontologoService:30] Odontologo creado
[2023-05-1514:49:04] [ INFO ] [OdontologoService:61] Creando lista de odontologos
[2023-05-1514:49:04] [ INFO ] [OdontologoService:67] Lista de odontologos creada
[2023-05-1514:49:30] [ INFO ] [PacienteService:62] Listando los pacientes
[2023-05-1514:49:30] [ INFO ] [PacienteService:68] Lista de pacientes creados
[2023-05-1514:50:28] [ INFO ] [PacienteService:27] Creando Paciente
[2023-05-1514:50:28] [ INFO ] [PacienteService:30] Paciente creado
[2023-05-1514:50:28] [ INFO ] [DomicilioService:31] Creando domicilio
[2023-05-1514:50:28] [ INFO ] [DomicilioService:34] Domicilio creado
[2023-05-1514:50:31] [ INFO ] [PacienteService:62] Listando los pacientes
[2023-05-1514:50:31] [ INFO ] [PacienteService:68] Lista de pacientes creados
[2023-05-1514:50:39] [ INFO ] [TurnoService:61] Listando todos los turnos
[2023-05-1514:50:39] [ INFO ] [TurnoService:67] Lista de turnos creada
[2023-05-1514:50:54] [ INFO ] [OdontologoService:35] Buscando odontologo con id: 1
[2023-05-1514:51:03] [ INFO ] [TurnoService:36] Buscando turno con id: 1
[2023-05-1514:51:06] [ INFO ] [PacienteService:35] Buscando paciente con id: 1
[2023-05-1514:51:37] [ INFO ] [TurnoService:28] Creando turno
[2023-05-1514:51:37] [ INFO ] [TurnoService:31] Turno creado
[2023-05-1514:51:41] [ INFO ] [TurnoService:61] Listando todos los turnos
[2023-05-1514:51:41] [ INFO ] [TurnoService:67] Lista de turnos creada
[2023-05-1514:51:51] [ INFO ] [TurnoService:36] Buscando turno con id: 1
